2025-01-13 20:40:31 - Inicio de ejecución
2025-01-13 20:40:31 - Caja: 34, Carpeta: 6, Titulo: Actas: hola mundo 8, Pagina Final: 11
2025-01-13 20:43:18 - Inicio de ejecución
2025-01-13 20:43:18 - Caja: 34, Carpeta: 6, Titulo: Constancias: Hola mundo número 9, Pagina Final: 12
2025-01-13 20:45:18 - Inicio de ejecución
2025-01-13 20:45:18 - Caja: 95, Carpeta: 2, Titulo: Acreditación: carpeta número 35 caja 295 caja 95, Pagina Final: 5
2025-01-13 20:45:29 - Inicio de ejecución
2025-01-13 20:45:29 - Caja: 95, Carpeta: 2, Titulo: Acreditación: Hola mundo número 2, Pagina Final: 8
2025-01-13 20:45:48 - Inicio de ejecución
2025-01-13 20:45:48 - Caja: 95, Carpeta: 2, Titulo: Acreditación: Hola mundo número 3, Pagina Final: 9
2025-01-13 20:49:14 - Inicio de ejecución
2025-01-13 20:49:14 - Caja: 95, Carpeta: 2, Titulo: Proposiciones: Hola mundo número 1, Pagina Final: 10
2025-01-13 20:51:30 - Inicio de ejecución
2025-01-13 20:51:30 - Caja: 95, Carpeta: 2, Titulo: Proposiciones: Hola mundo número 4, Pagina Final: 6
2025-01-13 20:53:47 - Inicio de ejecución
2025-01-13 20:53:47 - Caja: 95, Carpeta: 2, Titulo: Proposiciones: Hola mundo número 5, Pagina Final: 7
2025-01-13 20:53:55 - Inicio de ejecución
2025-01-13 20:53:55 - Caja: 95, Carpeta: 2, Titulo: Proposiciones: Hola mundo número 6, Pagina Final: 11
2025-01-13 20:54:25 - Inicio de ejecución
2025-01-13 20:54:25 - Caja: 34, Carpeta: 6, Titulo: Tutelas: Hola mundo número 1, Pagina Final: 1
2025-01-13 20:54:40 - Inicio de ejecución
2025-01-13 20:54:40 - Caja: 34, Carpeta: 6, Titulo: Tutelas: Hola mundo número 2 caja 34 carpeta 6, Pagina Final: 4
2025-01-13 20:55:05 - Inicio de ejecución
2025-01-13 20:55:05 - Caja: 95, Carpeta: 2, Titulo: Facturas: Hola mundo caja 95 carpeta 2, Pagina Final: 15
2025-01-13 21:12:12 - Inicio de ejecución
2025-01-13 21:12:12 - Caja: 98, Carpeta: 1, Titulo: Circulares: Hola mundo carpeta 98, Pagina Final: 1
2025-01-13 21:12:20 - Inicio de ejecución
2025-01-13 21:12:20 - Caja: 98, Carpeta: 1, Titulo: Circulares: Hola mundo número 2, Pagina Final: 2
